TN:
SF:/Users/daikikojima/Work/vue/composition-test/src/components/Count.vue
FN:17,(anonymous_1)
FNF:1
FNH:1
FNDA:3,(anonymous_1)
DA:12,1
DA:13,1
DA:18,3
DA:19,3
LF:4
LH:4
BRF:0
BRH:0
end_of_record
TN:
SF:/Users/daikikojima/Work/vue/composition-test/src/components/Todo.vue
FN:20,(anonymous_1)
FN:23,(anonymous_2)
FNF:2
FNH:2
FNDA:3,(anonymous_1)
FNDA:1,(anonymous_2)
DA:15,1
DA:16,1
DA:21,3
DA:22,3
DA:23,3
DA:24,1
DA:25,1
DA:27,3
LF:8
LH:8
BRF:0
BRH:0
end_of_record
TN:
SF:/Users/daikikojima/Work/vue/composition-test/src/composition/count.ts
FN:3,(anonymous_0)
FN:5,(anonymous_1)
FN:8,(anonymous_2)
FNF:3
FNH:3
FNDA:2,(anonymous_0)
FNDA:1,(anonymous_1)
FNDA:1,(anonymous_2)
DA:1,2
DA:3,2
DA:4,2
DA:5,2
DA:6,1
DA:8,2
DA:9,1
DA:11,2
LF:8
LH:8
BRF:0
BRH:0
end_of_record
TN:
SF:/Users/daikikojima/Work/vue/composition-test/src/composition/todo.ts
FN:3,(anonymous_0)
FN:6,(anonymous_1)
FN:8,(anonymous_2)
FN:11,(anonymous_3)
FNF:4
FNH:4
FNDA:3,(anonymous_0)
FNDA:1,(anonymous_1)
FNDA:1,(anonymous_2)
FNDA:1,(anonymous_3)
DA:1,2
DA:3,2
DA:4,3
DA:6,1
DA:8,3
DA:9,1
DA:11,3
DA:12,1
DA:14,3
LF:9
LH:9
BRF:0
BRH:0
end_of_record
